f:\jungle\1.program\1.robot_coin3d\qtcoin3d_robot\qtcoin3d_robot\x64\debug\moc_qtcoin3d_robot.obj
f:\jungle\1.program\1.robot_coin3d\qtcoin3d_robot\qtcoin3d_robot\x64\debug\qrc_qtcoin3d_robot.obj
f:\jungle\1.program\1.robot_coin3d\qtcoin3d_robot\qtcoin3d_robot\x64\debug\robot.obj
f:\jungle\1.program\1.robot_coin3d\qtcoin3d_robot\qtcoin3d_robot\x64\debug\main.obj
f:\jungle\1.program\1.robot_coin3d\qtcoin3d_robot\qtcoin3d_robot\x64\debug\qtcoin3d_robot.obj
f:\jungle\1.program\1.robot_coin3d\qtcoin3d_robot\qtcoin3d_robot\x64\debug\sodhtransform.obj
f:\jungle\1.program\1.robot_coin3d\qtcoin3d_robot\qtcoin3d_robot\x64\debug\vc141.pdb
f:\jungle\1.program\1.robot_coin3d\qtcoin3d_robot\x64\debug\qtcoin3d_robot.exe
f:\jungle\1.program\1.robot_coin3d\qtcoin3d_robot\x64\debug\qtcoin3d_robot.ilk
f:\jungle\1.program\1.robot_coin3d\qtcoin3d_robot\x64\debug\qtcoin3d_robot.pdb
f:\jungle\1.program\1.robot_coin3d\qtcoin3d_robot\qtcoin3d_robot\x64\debug\moc\moc_qtcoin3d_robot.cpp
f:\jungle\1.program\1.robot_coin3d\qtcoin3d_robot\qtcoin3d_robot\x64\debug\uic\ui_qtcoin3d_robot.h
f:\jungle\1.program\1.robot_coin3d\qtcoin3d_robot\qtcoin3d_robot\x64\debug\rcc\qrc_qtcoin3d_robot.cpp
f:\jungle\1.program\1.robot_coin3d\qtcoin3d_robot\qtcoin3d_robot\x64\debug\qtcoin3d_robot.tlog\cl.command.1.tlog
f:\jungle\1.program\1.robot_coin3d\qtcoin3d_robot\qtcoin3d_robot\x64\debug\qtcoin3d_robot.tlog\cl.read.1.tlog
f:\jungle\1.program\1.robot_coin3d\qtcoin3d_robot\qtcoin3d_robot\x64\debug\qtcoin3d_robot.tlog\cl.write.1.tlog
f:\jungle\1.program\1.robot_coin3d\qtcoin3d_robot\qtcoin3d_robot\x64\debug\qtcoin3d_robot.tlog\link.command.1.tlog
f:\jungle\1.program\1.robot_coin3d\qtcoin3d_robot\qtcoin3d_robot\x64\debug\qtcoin3d_robot.tlog\link.read.1.tlog
f:\jungle\1.program\1.robot_coin3d\qtcoin3d_robot\qtcoin3d_robot\x64\debug\qtcoin3d_robot.tlog\link.write.1.tlog
f:\jungle\1.program\1.robot_coin3d\qtcoin3d_robot\qtcoin3d_robot\x64\debug\qtcoin3d_robot.tlog\moc.read.1u.tlog
f:\jungle\1.program\1.robot_coin3d\qtcoin3d_robot\qtcoin3d_robot\x64\debug\qtcoin3d_robot.tlog\moc.write.1u.tlog
f:\jungle\1.program\1.robot_coin3d\qtcoin3d_robot\qtcoin3d_robot\x64\debug\qtcoin3d_robot.tlog\qtcoin3d_robot.write.1u.tlog
f:\jungle\1.program\1.robot_coin3d\qtcoin3d_robot\qtcoin3d_robot\x64\debug\qtcoin3d_robot.tlog\rcc.read.1u.tlog
f:\jungle\1.program\1.robot_coin3d\qtcoin3d_robot\qtcoin3d_robot\x64\debug\qtcoin3d_robot.tlog\rcc.write.1u.tlog
f:\jungle\1.program\1.robot_coin3d\qtcoin3d_robot\qtcoin3d_robot\x64\debug\qtcoin3d_robot.tlog\uic.read.1u.tlog
f:\jungle\1.program\1.robot_coin3d\qtcoin3d_robot\qtcoin3d_robot\x64\debug\qtcoin3d_robot.tlog\uic.write.1u.tlog
