f:\jungle\1.program\1.robot_coin3d\qtcoin3d_robot\qtcoin3d_robot\x64\release\qrc_qtcoin3d_robot.obj
f:\jungle\1.program\1.robot_coin3d\qtcoin3d_robot\qtcoin3d_robot\x64\release\moc_qtcoin3d_robot.obj
f:\jungle\1.program\1.robot_coin3d\qtcoin3d_robot\qtcoin3d_robot\x64\release\main.obj
f:\jungle\1.program\1.robot_coin3d\qtcoin3d_robot\qtcoin3d_robot\x64\release\sodhtransform.obj
f:\jungle\1.program\1.robot_coin3d\qtcoin3d_robot\qtcoin3d_robot\x64\release\qtcoin3d_robot.obj
f:\jungle\1.program\1.robot_coin3d\qtcoin3d_robot\qtcoin3d_robot\x64\release\robot.obj
f:\jungle\1.program\1.robot_coin3d\qtcoin3d_robot\qtcoin3d_robot\x64\release\vc141.pdb
f:\jungle\1.program\1.robot_coin3d\qtcoin3d_robot\x64\release\qtcoin3d_robot.exe
f:\jungle\1.program\1.robot_coin3d\qtcoin3d_robot\qtcoin3d_robot\x64\release\\moc\moc_qtcoin3d_robot.cpp
f:\jungle\1.program\1.robot_coin3d\qtcoin3d_robot\qtcoin3d_robot\x64\release\uic\ui_qtcoin3d_robot.h
f:\jungle\1.program\1.robot_coin3d\qtcoin3d_robot\qtcoin3d_robot\x64\release\rcc\qrc_qtcoin3d_robot.cpp
f:\jungle\1.program\1.robot_coin3d\qtcoin3d_robot\qtcoin3d_robot\x64\release\moc\moc_qtcoin3d_robot.cpp
f:\jungle\1.program\1.robot_coin3d\qtcoin3d_robot\qtcoin3d_robot\x64\release\\rcc\qrc_qtcoin3d_robot.cpp
f:\jungle\1.program\1.robot_coin3d\qtcoin3d_robot\qtcoin3d_robot\x64\release\\uic\ui_qtcoin3d_robot.h
f:\jungle\1.program\1.robot_coin3d\qtcoin3d_robot\qtcoin3d_robot\x64\release\vc141.idb
f:\jungle\1.program\1.robot_coin3d\qtcoin3d_robot\qtcoin3d_robot\x64\release\qtcoin3d_robot.tlog\cl.5688.write.1.tlog
f:\jungle\1.program\1.robot_coin3d\qtcoin3d_robot\qtcoin3d_robot\x64\release\qtcoin3d_robot.tlog\cl.command.1.tlog
f:\jungle\1.program\1.robot_coin3d\qtcoin3d_robot\qtcoin3d_robot\x64\release\qtcoin3d_robot.tlog\cl.read.1.tlog
f:\jungle\1.program\1.robot_coin3d\qtcoin3d_robot\qtcoin3d_robot\x64\release\qtcoin3d_robot.tlog\link.command.1.tlog
f:\jungle\1.program\1.robot_coin3d\qtcoin3d_robot\qtcoin3d_robot\x64\release\qtcoin3d_robot.tlog\link.read.1.tlog
f:\jungle\1.program\1.robot_coin3d\qtcoin3d_robot\qtcoin3d_robot\x64\release\qtcoin3d_robot.tlog\link.write.1.tlog
f:\jungle\1.program\1.robot_coin3d\qtcoin3d_robot\qtcoin3d_robot\x64\release\qtcoin3d_robot.tlog\moc.read.1u.tlog
f:\jungle\1.program\1.robot_coin3d\qtcoin3d_robot\qtcoin3d_robot\x64\release\qtcoin3d_robot.tlog\moc.write.1u.tlog
f:\jungle\1.program\1.robot_coin3d\qtcoin3d_robot\qtcoin3d_robot\x64\release\qtcoin3d_robot.tlog\qtcoin3d_robot.write.1u.tlog
f:\jungle\1.program\1.robot_coin3d\qtcoin3d_robot\qtcoin3d_robot\x64\release\qtcoin3d_robot.tlog\rcc.read.1u.tlog
f:\jungle\1.program\1.robot_coin3d\qtcoin3d_robot\qtcoin3d_robot\x64\release\qtcoin3d_robot.tlog\rcc.write.1u.tlog
f:\jungle\1.program\1.robot_coin3d\qtcoin3d_robot\qtcoin3d_robot\x64\release\qtcoin3d_robot.tlog\uic.read.1u.tlog
f:\jungle\1.program\1.robot_coin3d\qtcoin3d_robot\qtcoin3d_robot\x64\release\qtcoin3d_robot.tlog\uic.write.1u.tlog
