f:\jungle\1.program\2.git_repository\qtcoin3d_robot\qtreadwrlmodel\x64\debug\moc_qtreadwrlmodel.obj
f:\jungle\1.program\2.git_repository\qtcoin3d_robot\qtreadwrlmodel\x64\debug\qrc_qtreadwrlmodel.obj
f:\jungle\1.program\2.git_repository\qtcoin3d_robot\qtreadwrlmodel\x64\debug\vc141.pdb
f:\jungle\1.program\2.git_repository\qtcoin3d_robot\qtreadwrlmodel\x64\debug\main.obj
f:\jungle\1.program\2.git_repository\qtcoin3d_robot\qtreadwrlmodel\x64\debug\qtreadwrlmodel.obj
f:\jungle\1.program\2.git_repository\qtcoin3d_robot\x64\debug\qtreadwrlmodel.exe
f:\jungle\1.program\2.git_repository\qtcoin3d_robot\x64\debug\qtreadwrlmodel.ilk
f:\jungle\1.program\2.git_repository\qtcoin3d_robot\x64\debug\qtreadwrlmodel.pdb
f:\jungle\1.program\2.git_repository\qtcoin3d_robot\qtreadwrlmodel\x64\debug\moc\moc_qtreadwrlmodel.cpp
f:\jungle\1.program\2.git_repository\qtcoin3d_robot\qtreadwrlmodel\x64\debug\uic\ui_qtreadwrlmodel.h
f:\jungle\1.program\2.git_repository\qtcoin3d_robot\qtreadwrlmodel\x64\debug\rcc\qrc_qtreadwrlmodel.cpp
f:\jungle\1.program\2.git_repository\qtcoin3d_robot\qtreadwrlmodel\x64\debug\qtreadwrlmodel.tlog\cl.command.1.tlog
f:\jungle\1.program\2.git_repository\qtcoin3d_robot\qtreadwrlmodel\x64\debug\qtreadwrlmodel.tlog\cl.read.1.tlog
f:\jungle\1.program\2.git_repository\qtcoin3d_robot\qtreadwrlmodel\x64\debug\qtreadwrlmodel.tlog\cl.write.1.tlog
f:\jungle\1.program\2.git_repository\qtcoin3d_robot\qtreadwrlmodel\x64\debug\qtreadwrlmodel.tlog\link.command.1.tlog
f:\jungle\1.program\2.git_repository\qtcoin3d_robot\qtreadwrlmodel\x64\debug\qtreadwrlmodel.tlog\link.read.1.tlog
f:\jungle\1.program\2.git_repository\qtcoin3d_robot\qtreadwrlmodel\x64\debug\qtreadwrlmodel.tlog\link.write.1.tlog
f:\jungle\1.program\2.git_repository\qtcoin3d_robot\qtreadwrlmodel\x64\debug\qtreadwrlmodel.tlog\moc.read.1u.tlog
f:\jungle\1.program\2.git_repository\qtcoin3d_robot\qtreadwrlmodel\x64\debug\qtreadwrlmodel.tlog\moc.write.1u.tlog
f:\jungle\1.program\2.git_repository\qtcoin3d_robot\qtreadwrlmodel\x64\debug\qtreadwrlmodel.tlog\qtreadwrlmodel.write.1u.tlog
f:\jungle\1.program\2.git_repository\qtcoin3d_robot\qtreadwrlmodel\x64\debug\qtreadwrlmodel.tlog\rcc.read.1u.tlog
f:\jungle\1.program\2.git_repository\qtcoin3d_robot\qtreadwrlmodel\x64\debug\qtreadwrlmodel.tlog\rcc.write.1u.tlog
f:\jungle\1.program\2.git_repository\qtcoin3d_robot\qtreadwrlmodel\x64\debug\qtreadwrlmodel.tlog\uic.read.1u.tlog
f:\jungle\1.program\2.git_repository\qtcoin3d_robot\qtreadwrlmodel\x64\debug\qtreadwrlmodel.tlog\uic.write.1u.tlog
